{"uuid":"931f22d5-de30-402f-b3f3-be1e85f3ecc5","historyId":"39480fd3403f8bdc2a15a9fa79b5a543","fullName":"smule.tests.LoginOptionsTest.testLoginOptionsScreen","labels":[{"name":"package","value":"smule.tests.LoginOptionsTest"},{"name":"testClass","value":"smule.tests.LoginOptionsTest"},{"name":"testMethod","value":"testLoginOptionsScreen"},{"name":"parentSuite","value":"Gradle suite"},{"name":"suite","value":"Gradle test"},{"name":"subSuite","value":"smule.tests.LoginOptionsTest"},{"name":"host","value":"Sharats-MacBook-Pro.local"},{"name":"thread","value":"44451@Sharats-MacBook-Pro.local.Test worker(1)"},{"name":"framework","value":"testng"},{"name":"language","value":"java"}],"links":[],"name":"Test login in App","status":"broken","statusDetails":{"known":false,"muted":false,"flaky":false,"message":"Can't locate an element by this strategy: By.chained({By.xpath: //android.widget.LinearLayout[@index = '4']/android.widget.RelativeLayout[@index='0']/android.widget.RadioButton[@index='0'] })","trace":"org.openqa.selenium.NoSuchElementException: Can't locate an element by this strategy: By.chained({By.xpath: //android.widget.LinearLayout[@index = '4']/android.widget.RelativeLayout[@index='0']/android.widget.RadioButton[@index='0'] })\n\tat io.appium.java_client.pagefactory.AppiumElementLocator.findElement(AppiumElementLocator.java:125)\n\tat io.appium.java_client.pagefactory.interceptors.InterceptorOfASingleElement.call(InterceptorOfASingleElement.java:54)\n\tat io.appium.java_client.proxy.Interceptor.intercept(Interceptor.java:75)\n\tat org.openqa.selenium.remote.RemoteWebElement$ByteBuddy$R6Cu1Dtk.click(Unknown Source)\n\tat smule.pages.LoginOptions.LoginOptionsScreen.selectLanguage(LoginOptionsScreen.java:11)\n\tat smule.tests.LoginOptionsTest.testLoginOptionsScreen(LoginOptionsTest.java:18)\n\tat java.base/jdk.internal.reflect.DirectMethodHandleAccessor.invoke(DirectMethodHandleAccessor.java:104)\n\tat java.base/java.lang.reflect.Method.invoke(Method.java:578)\n\tat org.testng.internal.invokers.MethodInvocationHelper.invokeMethod(MethodInvocationHelper.java:139)\n\tat org.testng.internal.invokers.TestInvoker.invokeMethod(TestInvoker.java:664)\n\tat org.testng.internal.invokers.TestInvoker.invokeTestMethod(TestInvoker.java:227)\n\tat org.testng.internal.invokers.MethodRunner.runInSequence(MethodRunner.java:50)\n\tat org.testng.internal.invokers.TestInvoker$MethodInvocationAgent.invoke(TestInvoker.java:957)\n\tat org.testng.internal.invokers.TestInvoker.invokeTestMethods(TestInvoker.java:200)\n\tat org.testng.internal.invokers.TestMethodWorker.invokeTestMethods(TestMethodWorker.java:148)\n\tat org.testng.internal.invokers.TestMethodWorker.run(TestMethodWorker.java:128)\n\tat java.base/java.util.ArrayList.forEach(ArrayList.java:1511)\n\tat org.testng.TestRunner.privateRun(TestRunner.java:848)\n\tat org.testng.TestRunner.run(TestRunner.java:621)\n\tat org.testng.SuiteRunner.runTest(SuiteRunner.java:443)\n\tat org.testng.SuiteRunner.runSequentially(SuiteRunner.java:437)\n\tat org.testng.SuiteRunner.privateRun(SuiteRunner.java:397)\n\tat org.testng.SuiteRunner.run(SuiteRunner.java:336)\n\tat org.testng.SuiteRunnerWorker.runSuite(SuiteRunnerWorker.java:52)\n\tat org.testng.SuiteRunnerWorker.run(SuiteRunnerWorker.java:95)\n\tat org.testng.TestNG.runSuitesSequentially(TestNG.java:1280)\n\tat org.testng.TestNG.runSuitesLocally(TestNG.java:1200)\n\tat org.testng.TestNG.runSuites(TestNG.java:1114)\n\tat org.testng.TestNG.run(TestNG.java:1082)\n\tat org.gradle.api.internal.tasks.testing.testng.TestNGTestClassProcessor.runTests(TestNGTestClassProcessor.java:148)\n\tat org.gradle.api.internal.tasks.testing.testng.TestNGTestClassProcessor.stop(TestNGTestClassProcessor.java:95)\n\tat org.gradle.api.internal.tasks.testing.SuiteTestClassProcessor.stop(SuiteTestClassProcessor.java:62)\n\tat java.base/jdk.internal.reflect.DirectMethodHandleAccessor.invoke(DirectMethodHandleAccessor.java:104)\n\tat java.base/java.lang.reflect.Method.invoke(Method.java:578)\n\tat org.gradle.internal.dispatch.ReflectionDispatch.dispatch(ReflectionDispatch.java:36)\n\tat org.gradle.internal.dispatch.ReflectionDispatch.dispatch(ReflectionDispatch.java:24)\n\tat org.gradle.internal.dispatch.ContextClassLoaderDispatch.dispatch(ContextClassLoaderDispatch.java:33)\n\tat org.gradle.internal.dispatch.ProxyDispatchAdapter$DispatchingInvocationHandler.invoke(ProxyDispatchAdapter.java:94)\n\tat jdk.proxy1/jdk.proxy1.$Proxy2.stop(Unknown Source)\n\tat org.gradle.api.internal.tasks.testing.worker.TestWorker$3.run(TestWorker.java:193)\n\tat org.gradle.api.internal.tasks.testing.worker.TestWorker.executeAndMaintainThreadName(TestWorker.java:129)\n\tat org.gradle.api.internal.tasks.testing.worker.TestWorker.execute(TestWorker.java:100)\n\tat org.gradle.api.internal.tasks.testing.worker.TestWorker.execute(TestWorker.java:60)\n\tat org.gradle.process.internal.worker.child.ActionExecutionWorker.execute(ActionExecutionWorker.java:56)\n\tat org.gradle.process.internal.worker.child.SystemApplicationClassLoaderWorker.call(SystemApplicationClassLoaderWorker.java:113)\n\tat org.gradle.process.internal.worker.child.SystemApplicationClassLoaderWorker.call(SystemApplicationClassLoaderWorker.java:65)\n\tat worker.org.gradle.process.internal.worker.GradleWorkerMain.run(GradleWorkerMain.java:69)\n\tat worker.org.gradle.process.internal.worker.GradleWorkerMain.main(GradleWorkerMain.java:74)\nCaused by: org.openqa.selenium.TimeoutException: Expected condition failed: waiting for io.appium.java_client.pagefactory.AppiumElementLocator$WaitingFunction@2b7774d5 (tried for 1 second(s) with 500 milliseconds interval)\nBuild info: version: '4.12.1', revision: '8e34639b11'\nSystem info: os.name: 'Mac OS X', os.arch: 'x86_64', os.version: '13.5.2', java.version: '20.0.2'\nDriver info: driver.version: unknown\n\tat org.openqa.selenium.support.ui.FluentWait.timeoutException(FluentWait.java:262)\n\tat org.openqa.selenium.support.ui.FluentWait.until(FluentWait.java:230)\n\tat io.appium.java_client.pagefactory.AppiumElementLocator.waitFor(AppiumElementLocator.java:98)\n\tat io.appium.java_client.pagefactory.AppiumElementLocator.findElement(AppiumElementLocator.java:118)\n\t... 47 more\n"},"stage":"finished","steps":[],"attachments":[],"parameters":[],"start":1695718292626,"stop":1695718305737}